{"uid":"47d0d25d4ad8f774","name":"'Book this room' button.","fullName":"test.test_shady_meadow_selenium.TestShadyMeadows#test_book_this_room_button","historyId":"63ef5dceda902d51100e487f8e8b94a5","time":{"start":1716838267836,"stop":1716838283014,"duration":15178},"description":"Check that the “Book this Room” button is visible at the Main page, after clicking this button it disappears from the page and cannot be clicked anymore.","descriptionHtml":"<p>Check that the “Book this Room” button is visible at the Main page, after clicking this button it disappears from the page and cannot be clicked anymore.</p>\n","status":"broken","statusMessage":"selenium.common.exceptions.TimeoutException: Message:","statusTrace":"self = <test.test_shady_meadow_selenium.TestShadyMeadows object at 0x7f9fcf298cd0>\nshady_meadow_page = <page_object.main_page.ShadyMeadowsPageObject object at 0x7f9fcf08ae10>\n\n    @title(\"'Book this room' button.\")\n    @description('Check that the “Book this Room” button is visible at the Main page, after clicking this button '\n                 'it disappears from the page and cannot be clicked anymore.')\n    @severity(allure.severity_level.CRITICAL)\n    @pytest.mark.booking_the_room\n    @pytest.mark.shady_meadow_ui\n    def test_book_this_room_button(self, shady_meadow_page: ShadyMeadowsPageObject):\n>       book_button = shady_meadow_page.book_this_room_button_is_present()\n\ntest/test_shady_meadow_selenium.py:38: \n_ _ _ _ _ _ _ _ _ _ _ _ _ _ _ _ _ _ _ _ _ _ _ _ _ _ _ _ _ _ _ _ _ _ _ _ _ _ _ _ \npage_object/main_page.py:91: in book_this_room_button_is_present\n    elements = self.wait.until(EC.presence_of_all_elements_located((BasePageLocators.BOOK_THIS_ROOM_BUTTON.by,\n_ _ _ _ _ _ _ _ _ _ _ _ _ _ _ _ _ _ _ _ _ _ _ _ _ _ _ _ _ _ _ _ _ _ _ _ _ _ _ _ \n\nself = <selenium.webdriver.support.wait.WebDriverWait (session=\"0789a6dc14382443de92c754e27254c4\")>\nmethod = <function presence_of_all_elements_located.<locals>._predicate at 0x7f9fcf406a20>\nmessage = ''\n\n    def until(self, method: Callable[[D], Union[Literal[False], T]], message: str = \"\") -> T:\n        \"\"\"Calls the method provided with the driver as an argument until the \\\n        return value does not evaluate to ``False``.\n    \n        :param method: callable(WebDriver)\n        :param message: optional message for :exc:`TimeoutException`\n        :returns: the result of the last call to `method`\n        :raises: :exc:`selenium.common.exceptions.TimeoutException` if timeout occurs\n        \"\"\"\n        screen = None\n        stacktrace = None\n    \n        end_time = time.monotonic() + self._timeout\n        while True:\n            try:\n                value = method(self._driver)\n                if value:\n                    return value\n            except self._ignored_exceptions as exc:\n                screen = getattr(exc, \"screen\", None)\n                stacktrace = getattr(exc, \"stacktrace\", None)\n            time.sleep(self._poll)\n            if time.monotonic() > end_time:\n                break\n>       raise TimeoutException(message, screen, stacktrace)\nE       selenium.common.exceptions.TimeoutException: Message:\n\n/opt/hostedtoolcache/Python/3.11.9/x64/lib/python3.11/site-packages/selenium/webdriver/support/wait.py:105: TimeoutException","flaky":false,"newFailed":false,"newBroken":false,"newPassed":false,"retriesCount":0,"retriesStatusChange":false,"beforeStages":[{"name":"custom_logger","time":{"start":1716838207260,"stop":1716838207261,"duration":1},"status":"passed","steps":[],"attachments":[],"parameters":[],"shouldDisplayMessage":false,"stepsCount":0,"attachmentsCount":0,"hasContent":false,"attachmentStep":false},{"name":"shady_meadow_page","time":{"start":1716838207261,"stop":1716838267836,"duration":60575},"status":"passed","steps":[{"name":"Navigating to the environmental URL:https://automationintesting.online/","time":{"start":1716838207461,"stop":1716838267836,"duration":60375},"status":"passed","steps":[],"attachments":[{"uid":"6cff958e0a6b53cb","name":"Navigating to the environmental URL","source":"6cff958e0a6b53cb.png","type":"image/png","size":46463}],"parameters":[],"shouldDisplayMessage":false,"stepsCount":0,"attachmentsCount":1,"hasContent":true,"attachmentStep":false}],"attachments":[],"parameters":[],"shouldDisplayMessage":false,"stepsCount":1,"attachmentsCount":1,"hasContent":true,"attachmentStep":false}],"testStage":{"description":"Check that the “Book this Room” button is visible at the Main page, after clicking this button it disappears from the page and cannot be clicked anymore.","status":"broken","statusMessage":"selenium.common.exceptions.TimeoutException: Message:","statusTrace":"self = <test.test_shady_meadow_selenium.TestShadyMeadows object at 0x7f9fcf298cd0>\nshady_meadow_page = <page_object.main_page.ShadyMeadowsPageObject object at 0x7f9fcf08ae10>\n\n    @title(\"'Book this room' button.\")\n    @description('Check that the “Book this Room” button is visible at the Main page, after clicking this button '\n                 'it disappears from the page and cannot be clicked anymore.')\n    @severity(allure.severity_level.CRITICAL)\n    @pytest.mark.booking_the_room\n    @pytest.mark.shady_meadow_ui\n    def test_book_this_room_button(self, shady_meadow_page: ShadyMeadowsPageObject):\n>       book_button = shady_meadow_page.book_this_room_button_is_present()\n\ntest/test_shady_meadow_selenium.py:38: \n_ _ _ _ _ _ _ _ _ _ _ _ _ _ _ _ _ _ _ _ _ _ _ _ _ _ _ _ _ _ _ _ _ _ _ _ _ _ _ _ \npage_object/main_page.py:91: in book_this_room_button_is_present\n    elements = self.wait.until(EC.presence_of_all_elements_located((BasePageLocators.BOOK_THIS_ROOM_BUTTON.by,\n_ _ _ _ _ _ _ _ _ _ _ _ _ _ _ _ _ _ _ _ _ _ _ _ _ _ _ _ _ _ _ _ _ _ _ _ _ _ _ _ \n\nself = <selenium.webdriver.support.wait.WebDriverWait (session=\"0789a6dc14382443de92c754e27254c4\")>\nmethod = <function presence_of_all_elements_located.<locals>._predicate at 0x7f9fcf406a20>\nmessage = ''\n\n    def until(self, method: Callable[[D], Union[Literal[False], T]], message: str = \"\") -> T:\n        \"\"\"Calls the method provided with the driver as an argument until the \\\n        return value does not evaluate to ``False``.\n    \n        :param method: callable(WebDriver)\n        :param message: optional message for :exc:`TimeoutException`\n        :returns: the result of the last call to `method`\n        :raises: :exc:`selenium.common.exceptions.TimeoutException` if timeout occurs\n        \"\"\"\n        screen = None\n        stacktrace = None\n    \n        end_time = time.monotonic() + self._timeout\n        while True:\n            try:\n                value = method(self._driver)\n                if value:\n                    return value\n            except self._ignored_exceptions as exc:\n                screen = getattr(exc, \"screen\", None)\n                stacktrace = getattr(exc, \"stacktrace\", None)\n            time.sleep(self._poll)\n            if time.monotonic() > end_time:\n                break\n>       raise TimeoutException(message, screen, stacktrace)\nE       selenium.common.exceptions.TimeoutException: Message:\n\n/opt/hostedtoolcache/Python/3.11.9/x64/lib/python3.11/site-packages/selenium/webdriver/support/wait.py:105: TimeoutException","steps":[{"name":"'Book_this_room_button' is present on the page.","time":{"start":1716838267837,"stop":1716838283014,"duration":15177},"status":"broken","statusMessage":"selenium.common.exceptions.TimeoutException: Message: \n\n","statusTrace":"  File \"/opt/hostedtoolcache/Python/3.11.9/x64/lib/python3.11/site-packages/allure_commons/_allure.py\", line 192, in impl\n    return func(*a, **kw)\n           ^^^^^^^^^^^^^^\n  File \"/home/runner/work/ShadyMeadow_UI_dif_browsers/ShadyMeadow_UI_dif_browsers/page_object/main_page.py\", line 91, in book_this_room_button_is_present\n    elements = self.wait.until(EC.presence_of_all_elements_located((BasePageLocators.BOOK_THIS_ROOM_BUTTON.by,\n               ^^^^^^^^^^^^^^^^^^^^^^^^^^^^^^^^^^^^^^^^^^^^^^^^^^^^^^^^^^^^^^^^^^^^^^^^^^^^^^^^^^^^^^^^^^^^^^^\n  File \"/opt/hostedtoolcache/Python/3.11.9/x64/lib/python3.11/site-packages/selenium/webdriver/support/wait.py\", line 105, in until\n    raise TimeoutException(message, screen, stacktrace)\n","steps":[],"attachments":[],"parameters":[],"shouldDisplayMessage":true,"stepsCount":0,"attachmentsCount":0,"hasContent":true,"attachmentStep":false}],"attachments":[{"uid":"2c54c9710748b9ef","name":"log","source":"2c54c9710748b9ef.txt","type":"text/plain","size":378}],"parameters":[],"shouldDisplayMessage":true,"stepsCount":1,"attachmentsCount":1,"hasContent":true,"attachmentStep":false},"afterStages":[{"name":"shady_meadow_page::0","time":{"start":1716838283025,"stop":1716838283083,"duration":58},"status":"passed","steps":[],"attachments":[],"parameters":[],"shouldDisplayMessage":false,"stepsCount":0,"attachmentsCount":0,"hasContent":false,"attachmentStep":false},{"name":"custom_logger::0","time":{"start":1716838283083,"stop":1716838283084,"duration":1},"status":"passed","steps":[],"attachments":[{"uid":"4b1f226f3cb2f448","name":"Test Log file","source":"4b1f226f3cb2f448.txt","type":"text/plain","size":437}],"parameters":[],"shouldDisplayMessage":false,"stepsCount":0,"attachmentsCount":1,"hasContent":true,"attachmentStep":false}],"labels":[{"name":"suite","value":"Shady Meadows B&B UI"},{"name":"severity","value":"critical"},{"name":"tag","value":"shady_meadow_ui"},{"name":"tag","value":"booking_the_room"},{"name":"parentSuite","value":"test"},{"name":"subSuite","value":"TestShadyMeadows"},{"name":"host","value":"fv-az736-169"},{"name":"thread","value":"2269-MainThread"},{"name":"framework","value":"pytest"},{"name":"language","value":"cpython3"},{"name":"package","value":"test.test_shady_meadow_selenium"},{"name":"resultFormat","value":"allure2"}],"parameters":[{"name":"shady_meadow_page","value":"'headlesschrome'"}],"links":[],"hidden":false,"retry":false,"extra":{"severity":"critical","retries":[],"categories":[{"name":"Test defects","matchedStatuses":[],"flaky":false}],"tags":["booking_the_room","shady_meadow_ui"]},"source":"47d0d25d4ad8f774.json","parameterValues":["'headlesschrome'"]}