{"uid":"f38c309326a45983","name":"Check that the 'Shady Meadows B&B' (rbp-logo.png) image appears at the Main page in the correct position.","fullName":"test.test_shady_meadow_selenium.TestShadyMeadows#test_logo_picture_is_visible","historyId":"f44ea59b35856bd20139aae54e6a1d0b","time":{"start":1716838191527,"stop":1716838206626,"duration":15099},"description":"In this test first I click on 'Let me hack' button, that's why location_y has changed from 687 to 0.","descriptionHtml":"<p>In this test first I click on 'Let me hack' button, that's why location_y has changed from 687 to 0.</p>\n","status":"broken","statusMessage":"selenium.common.exceptions.TimeoutException: Message: \nStacktrace:\nRemoteError@chrome://remote/content/shared/RemoteError.sys.mjs:8:8\nWebDriverError@chrome://remote/content/shared/webdriver/Errors.sys.mjs:193:5\nNoSuchElementError@chrome://remote/content/shared/webdriver/Errors.sys.mjs:511:5\ndom.find/</<@chrome://remote/content/shared/DOM.sys.mjs:136:16","statusTrace":"self = <test.test_shady_meadow_selenium.TestShadyMeadows object at 0x7f9fcf29a850>\nshady_meadow_page = <page_object.main_page.ShadyMeadowsPageObject object at 0x7f9fcf2d7c50>\n\n    @title(\"Check that the 'Shady Meadows B&B' (rbp-logo.png) image appears at the Main page in the correct position.\")\n    @description(\"In this test first I click on 'Let me hack' button, that's why location_y has changed from 687 to 0.\")\n    @severity(allure.severity_level.CRITICAL)\n    @pytest.mark.logo_picture\n    @pytest.mark.shady_meadow_ui\n    def test_logo_picture_is_visible(self, shady_meadow_page: ShadyMeadowsPageObject):\n        attach(\"\"\"\n        Check that the \"Shady Meadows B&B\" (rbp-logo.png) image appears at the Main page in the correct position.\n        \"\"\",\n               name=\"Test ID 000 scenario\",\n               attachment_type=attachment_type.TEXT)\n>       shady_meadow_page.click_on_let_me_hack_button()\n\ntest/test_shady_meadow_selenium.py:23: \n_ _ _ _ _ _ _ _ _ _ _ _ _ _ _ _ _ _ _ _ _ _ _ _ _ _ _ _ _ _ _ _ _ _ _ _ _ _ _ _ \npage_object/main_page.py:57: in click_on_let_me_hack_button\n    button = self.wait.until(\n_ _ _ _ _ _ _ _ _ _ _ _ _ _ _ _ _ _ _ _ _ _ _ _ _ _ _ _ _ _ _ _ _ _ _ _ _ _ _ _ \n\nself = <selenium.webdriver.support.wait.WebDriverWait (session=\"0095da63-c49c-4c38-9acd-59f7bcfee464\")>\nmethod = <function element_to_be_clickable.<locals>._predicate at 0x7f9fcf2776a0>\nmessage = ''\n\n    def until(self, method: Callable[[D], Union[Literal[False], T]], message: str = \"\") -> T:\n        \"\"\"Calls the method provided with the driver as an argument until the \\\n        return value does not evaluate to ``False``.\n    \n        :param method: callable(WebDriver)\n        :param message: optional message for :exc:`TimeoutException`\n        :returns: the result of the last call to `method`\n        :raises: :exc:`selenium.common.exceptions.TimeoutException` if timeout occurs\n        \"\"\"\n        screen = None\n        stacktrace = None\n    \n        end_time = time.monotonic() + self._timeout\n        while True:\n            try:\n                value = method(self._driver)\n                if value:\n                    return value\n            except self._ignored_exceptions as exc:\n                screen = getattr(exc, \"screen\", None)\n                stacktrace = getattr(exc, \"stacktrace\", None)\n            time.sleep(self._poll)\n            if time.monotonic() > end_time:\n                break\n>       raise TimeoutException(message, screen, stacktrace)\nE       selenium.common.exceptions.TimeoutException: Message: \nE       Stacktrace:\nE       RemoteError@chrome://remote/content/shared/RemoteError.sys.mjs:8:8\nE       WebDriverError@chrome://remote/content/shared/webdriver/Errors.sys.mjs:193:5\nE       NoSuchElementError@chrome://remote/content/shared/webdriver/Errors.sys.mjs:511:5\nE       dom.find/</<@chrome://remote/content/shared/DOM.sys.mjs:136:16\n\n/opt/hostedtoolcache/Python/3.11.9/x64/lib/python3.11/site-packages/selenium/webdriver/support/wait.py:105: TimeoutException","flaky":false,"newFailed":false,"newBroken":false,"newPassed":false,"retriesCount":0,"retriesStatusChange":false,"beforeStages":[{"name":"custom_logger","time":{"start":1716838123442,"stop":1716838123442,"duration":0},"status":"passed","steps":[],"attachments":[],"parameters":[],"shouldDisplayMessage":false,"stepsCount":0,"attachmentsCount":0,"hasContent":false,"attachmentStep":false},{"name":"shady_meadow_page","time":{"start":1716838123442,"stop":1716838191526,"duration":68084},"status":"passed","steps":[{"name":"Navigating to the environmental URL:https://automationintesting.online/","time":{"start":1716838131151,"stop":1716838191526,"duration":60375},"status":"passed","steps":[],"attachments":[{"uid":"9ded443c35abb46","name":"Navigating to the environmental URL","source":"9ded443c35abb46.png","type":"image/png","size":76270}],"parameters":[],"shouldDisplayMessage":false,"stepsCount":0,"attachmentsCount":1,"hasContent":true,"attachmentStep":false}],"attachments":[],"parameters":[],"shouldDisplayMessage":false,"stepsCount":1,"attachmentsCount":1,"hasContent":true,"attachmentStep":false}],"testStage":{"description":"In this test first I click on 'Let me hack' button, that's why location_y has changed from 687 to 0.","status":"broken","statusMessage":"selenium.common.exceptions.TimeoutException: Message: \nStacktrace:\nRemoteError@chrome://remote/content/shared/RemoteError.sys.mjs:8:8\nWebDriverError@chrome://remote/content/shared/webdriver/Errors.sys.mjs:193:5\nNoSuchElementError@chrome://remote/content/shared/webdriver/Errors.sys.mjs:511:5\ndom.find/</<@chrome://remote/content/shared/DOM.sys.mjs:136:16","statusTrace":"self = <test.test_shady_meadow_selenium.TestShadyMeadows object at 0x7f9fcf29a850>\nshady_meadow_page = <page_object.main_page.ShadyMeadowsPageObject object at 0x7f9fcf2d7c50>\n\n    @title(\"Check that the 'Shady Meadows B&B' (rbp-logo.png) image appears at the Main page in the correct position.\")\n    @description(\"In this test first I click on 'Let me hack' button, that's why location_y has changed from 687 to 0.\")\n    @severity(allure.severity_level.CRITICAL)\n    @pytest.mark.logo_picture\n    @pytest.mark.shady_meadow_ui\n    def test_logo_picture_is_visible(self, shady_meadow_page: ShadyMeadowsPageObject):\n        attach(\"\"\"\n        Check that the \"Shady Meadows B&B\" (rbp-logo.png) image appears at the Main page in the correct position.\n        \"\"\",\n               name=\"Test ID 000 scenario\",\n               attachment_type=attachment_type.TEXT)\n>       shady_meadow_page.click_on_let_me_hack_button()\n\ntest/test_shady_meadow_selenium.py:23: \n_ _ _ _ _ _ _ _ _ _ _ _ _ _ _ _ _ _ _ _ _ _ _ _ _ _ _ _ _ _ _ _ _ _ _ _ _ _ _ _ \npage_object/main_page.py:57: in click_on_let_me_hack_button\n    button = self.wait.until(\n_ _ _ _ _ _ _ _ _ _ _ _ _ _ _ _ _ _ _ _ _ _ _ _ _ _ _ _ _ _ _ _ _ _ _ _ _ _ _ _ \n\nself = <selenium.webdriver.support.wait.WebDriverWait (session=\"0095da63-c49c-4c38-9acd-59f7bcfee464\")>\nmethod = <function element_to_be_clickable.<locals>._predicate at 0x7f9fcf2776a0>\nmessage = ''\n\n    def until(self, method: Callable[[D], Union[Literal[False], T]], message: str = \"\") -> T:\n        \"\"\"Calls the method provided with the driver as an argument until the \\\n        return value does not evaluate to ``False``.\n    \n        :param method: callable(WebDriver)\n        :param message: optional message for :exc:`TimeoutException`\n        :returns: the result of the last call to `method`\n        :raises: :exc:`selenium.common.exceptions.TimeoutException` if timeout occurs\n        \"\"\"\n        screen = None\n        stacktrace = None\n    \n        end_time = time.monotonic() + self._timeout\n        while True:\n            try:\n                value = method(self._driver)\n                if value:\n                    return value\n            except self._ignored_exceptions as exc:\n                screen = getattr(exc, \"screen\", None)\n                stacktrace = getattr(exc, \"stacktrace\", None)\n            time.sleep(self._poll)\n            if time.monotonic() > end_time:\n                break\n>       raise TimeoutException(message, screen, stacktrace)\nE       selenium.common.exceptions.TimeoutException: Message: \nE       Stacktrace:\nE       RemoteError@chrome://remote/content/shared/RemoteError.sys.mjs:8:8\nE       WebDriverError@chrome://remote/content/shared/webdriver/Errors.sys.mjs:193:5\nE       NoSuchElementError@chrome://remote/content/shared/webdriver/Errors.sys.mjs:511:5\nE       dom.find/</<@chrome://remote/content/shared/DOM.sys.mjs:136:16\n\n/opt/hostedtoolcache/Python/3.11.9/x64/lib/python3.11/site-packages/selenium/webdriver/support/wait.py:105: TimeoutException","steps":[{"name":"Click on 'Let me hack' button","time":{"start":1716838191527,"stop":1716838206625,"duration":15098},"status":"broken","statusMessage":"selenium.common.exceptions.TimeoutException: Message: \nStacktrace:\nRemoteError@chrome://remote/content/shared/RemoteError.sys.mjs:8:8\nWebDriverError@chrome://remote/content/shared/webdriver/Errors.sys.mjs:193:5\nNoSuchElementError@chrome://remote/content/shared/webdriver/Errors.sys.mjs:511:5\ndom.find/</<@chrome://remote/content/shared/DOM.sys.mjs:136:16\n\n","statusTrace":"  File \"/opt/hostedtoolcache/Python/3.11.9/x64/lib/python3.11/site-packages/allure_commons/_allure.py\", line 192, in impl\n    return func(*a, **kw)\n           ^^^^^^^^^^^^^^\n  File \"/home/runner/work/ShadyMeadow_UI_dif_browsers/ShadyMeadow_UI_dif_browsers/page_object/main_page.py\", line 57, in click_on_let_me_hack_button\n    button = self.wait.until(\n             ^^^^^^^^^^^^^^^^\n  File \"/opt/hostedtoolcache/Python/3.11.9/x64/lib/python3.11/site-packages/selenium/webdriver/support/wait.py\", line 105, in until\n    raise TimeoutException(message, screen, stacktrace)\n","steps":[],"attachments":[],"parameters":[],"shouldDisplayMessage":true,"stepsCount":0,"attachmentsCount":0,"hasContent":true,"attachmentStep":false}],"attachments":[{"uid":"9fd5a79d4c384d7b","name":"Test ID 000 scenario","source":"9fd5a79d4c384d7b.txt","type":"text/plain","size":123},{"uid":"37306e72a2ebfe6c","name":"log","source":"37306e72a2ebfe6c.txt","type":"text/plain","size":359},{"uid":"af3d6e5a1f7a990b","name":"stderr","source":"af3d6e5a1f7a990b.txt","type":"text/plain","size":19309}],"parameters":[],"shouldDisplayMessage":true,"stepsCount":1,"attachmentsCount":3,"hasContent":true,"attachmentStep":false},"afterStages":[{"name":"shady_meadow_page::0","time":{"start":1716838206637,"stop":1716838207258,"duration":621},"status":"passed","steps":[],"attachments":[],"parameters":[],"shouldDisplayMessage":false,"stepsCount":0,"attachmentsCount":0,"hasContent":false,"attachmentStep":false},{"name":"custom_logger::0","time":{"start":1716838207259,"stop":1716838207259,"duration":0},"status":"passed","steps":[],"attachments":[{"uid":"301670f456268b44","name":"Test Log file","source":"301670f456268b44.txt","type":"text/plain","size":418}],"parameters":[],"shouldDisplayMessage":false,"stepsCount":0,"attachmentsCount":1,"hasContent":true,"attachmentStep":false}],"labels":[{"name":"suite","value":"Shady Meadows B&B UI"},{"name":"severity","value":"critical"},{"name":"tag","value":"shady_meadow_ui"},{"name":"tag","value":"logo_picture"},{"name":"parentSuite","value":"test"},{"name":"subSuite","value":"TestShadyMeadows"},{"name":"host","value":"fv-az736-169"},{"name":"thread","value":"2269-MainThread"},{"name":"framework","value":"pytest"},{"name":"language","value":"cpython3"},{"name":"package","value":"test.test_shady_meadow_selenium"},{"name":"resultFormat","value":"allure2"}],"parameters":[{"name":"shady_meadow_page","value":"'headlessfirefox'"}],"links":[],"hidden":false,"retry":false,"extra":{"severity":"critical","retries":[],"categories":[{"name":"Test defects","matchedStatuses":[],"flaky":false}],"tags":["logo_picture","shady_meadow_ui"]},"source":"f38c309326a45983.json","parameterValues":["'headlessfirefox'"]}