{"uid":"23a9aa1fa0529eba","name":"'Book this room' button.","fullName":"test.test_shady_meadow_selenium.TestShadyMeadows#test_book_this_room_button","historyId":"0900642b4682551984c81a765db25c4a","time":{"start":1717015549481,"stop":1717015549530,"duration":49},"description":"Check that the “Book this Room” button is visible at the Main page, after clicking this button it disappears from the page and cannot be clicked anymore.","descriptionHtml":"<p>Check that the “Book this Room” button is visible at the Main page, after clicking this button it disappears from the page and cannot be clicked anymore.</p>\n","status":"broken","statusMessage":"selenium.common.exceptions.MoveTargetOutOfBoundsException: Message: Move target (1159, 1175) is out of bounds of viewport dimensions (1366, 682)\nStacktrace:\nRemoteError@chrome://remote/content/shared/RemoteError.sys.mjs:8:8\nWebDriverError@chrome://remote/content/shared/webdriver/Errors.sys.mjs:193:5\nMoveTargetOutOfBoundsError@chrome://remote/content/shared/webdriver/Errors.sys.mjs:479:5\nassertInViewPort@chrome://remote/content/shared/webdriver/Actions.sys.mjs:2338:11\ndispatch@chrome://remote/content/shared/webdriver/Actions.sys.mjs:1144:21\ndispatch/pendingEvents<@chrome://remote/content/shared/webdriver/Actions.sys.mjs:2010:14\ndispatch@chrome://remote/content/shared/webdriver/Actions.sys.mjs:2009:39\ndispatch/chainEvents<@chrome://remote/content/shared/webdriver/Actions.sys.mjs:1920:27\ndispatch@chrome://remote/content/shared/webdriver/Actions.sys.mjs:1922:7\nperformActions@chrome://remote/content/marionette/actors/MarionetteCommandsChild.sys.mjs:508:23\nreceiveMessage@chrome://remote/content/marionette/actors/MarionetteCommandsChild.sys.mjs:143:31","statusTrace":"self = <test.test_shady_meadow_selenium.TestShadyMeadows object at 0x7f3a8f59b750>\nshady_meadow_page = <page_object.main_page.ShadyMeadowsPageObject object at 0x7f3a8f4752d0>\n\n    @title(\"'Book this room' button.\")\n    @description('Check that the “Book this Room” button is visible at the Main page, after clicking this button '\n                 'it disappears from the page and cannot be clicked anymore.')\n    @severity(allure.severity_level.CRITICAL)\n    @pytest.mark.booking_the_room\n    @pytest.mark.shady_meadow_ui\n    def test_book_this_room_button(self, shady_meadow_page: ShadyMeadowsPageObject):\n        book_button = shady_meadow_page.book_this_room_button_is_present()\n        assert book_button.is_displayed(), f\"Book_this_room button is not displayed\"\n        assert book_button.text == 'Book this room'\n>       shady_meadow_page.move_to_book_this_room_button()\n\ntest/test_shady_meadow_selenium.py:41: \n_ _ _ _ _ _ _ _ _ _ _ _ _ _ _ _ _ _ _ _ _ _ _ _ _ _ _ _ _ _ _ _ _ _ _ _ _ _ _ _ \npage_object/main_page.py:330: in move_to_book_this_room_button\n    self.__action.move_to_element(book_this_room_button).perform()\n/opt/hostedtoolcache/Python/3.11.9/x64/lib/python3.11/site-packages/selenium/webdriver/common/action_chains.py:94: in perform\n    self.w3c_actions.perform()\n/opt/hostedtoolcache/Python/3.11.9/x64/lib/python3.11/site-packages/selenium/webdriver/common/actions/action_builder.py:96: in perform\n    self.driver.execute(Command.W3C_ACTIONS, enc)\n/opt/hostedtoolcache/Python/3.11.9/x64/lib/python3.11/site-packages/selenium/webdriver/remote/webdriver.py:347: in execute\n    self.error_handler.check_response(response)\n_ _ _ _ _ _ _ _ _ _ _ _ _ _ _ _ _ _ _ _ _ _ _ _ _ _ _ _ _ _ _ _ _ _ _ _ _ _ _ _ \n\nself = <selenium.webdriver.remote.errorhandler.ErrorHandler object at 0x7f3a8f475f50>\nresponse = {'status': 500, 'value': '{\"value\":{\"error\":\"move target out of bounds\",\"message\":\"Move target (1159, 1175) is out of ...ys.mjs:508:23\\\\nreceiveMessage@chrome://remote/content/marionette/actors/MarionetteCommandsChild.sys.mjs:143:31\\\\n\"}}'}\n\n    def check_response(self, response: Dict[str, Any]) -> None:\n        \"\"\"Checks that a JSON response from the WebDriver does not have an\n        error.\n    \n        :Args:\n         - response - The JSON response from the WebDriver server as a dictionary\n           object.\n    \n        :Raises: If the response contains an error message.\n        \"\"\"\n        status = response.get(\"status\", None)\n        if not status or status == ErrorCode.SUCCESS:\n            return\n        value = None\n        message = response.get(\"message\", \"\")\n        screen: str = response.get(\"screen\", \"\")\n        stacktrace = None\n        if isinstance(status, int):\n            value_json = response.get(\"value\", None)\n            if value_json and isinstance(value_json, str):\n                import json\n    \n                try:\n                    value = json.loads(value_json)\n                    if len(value) == 1:\n                        value = value[\"value\"]\n                    status = value.get(\"error\", None)\n                    if not status:\n                        status = value.get(\"status\", ErrorCode.UNKNOWN_ERROR)\n                        message = value.get(\"value\") or value.get(\"message\")\n                        if not isinstance(message, str):\n                            value = message\n                            message = message.get(\"message\")\n                    else:\n                        message = value.get(\"message\", None)\n                except ValueError:\n                    pass\n    \n        exception_class: Type[WebDriverException]\n        e = ErrorCode()\n        error_codes = [item for item in dir(e) if not item.startswith(\"__\")]\n        for error_code in error_codes:\n            error_info = getattr(ErrorCode, error_code)\n            if isinstance(error_info, list) and status in error_info:\n                exception_class = getattr(ExceptionMapping, error_code, WebDriverException)\n                break\n        else:\n            exception_class = WebDriverException\n    \n        if not value:\n            value = response[\"value\"]\n        if isinstance(value, str):\n            raise exception_class(value)\n        if message == \"\" and \"message\" in value:\n            message = value[\"message\"]\n    \n        screen = None  # type: ignore[assignment]\n        if \"screen\" in value:\n            screen = value[\"screen\"]\n    \n        stacktrace = None\n        st_value = value.get(\"stackTrace\") or value.get(\"stacktrace\")\n        if st_value:\n            if isinstance(st_value, str):\n                stacktrace = st_value.split(\"\\n\")\n            else:\n                stacktrace = []\n                try:\n                    for frame in st_value:\n                        line = frame.get(\"lineNumber\", \"\")\n                        file = frame.get(\"fileName\", \"<anonymous>\")\n                        if line:\n                            file = f\"{file}:{line}\"\n                        meth = frame.get(\"methodName\", \"<anonymous>\")\n                        if \"className\" in frame:\n                            meth = f\"{frame['className']}.{meth}\"\n                        msg = \"    at %s (%s)\"\n                        msg = msg % (meth, file)\n                        stacktrace.append(msg)\n                except TypeError:\n                    pass\n        if exception_class == UnexpectedAlertPresentException:\n            alert_text = None\n            if \"data\" in value:\n                alert_text = value[\"data\"].get(\"text\")\n            elif \"alert\" in value:\n                alert_text = value[\"alert\"].get(\"text\")\n            raise exception_class(message, screen, stacktrace, alert_text)  # type: ignore[call-arg]  # mypy is not smart enough here\n>       raise exception_class(message, screen, stacktrace)\nE       selenium.common.exceptions.MoveTargetOutOfBoundsException: Message: Move target (1159, 1175) is out of bounds of viewport dimensions (1366, 682)\nE       Stacktrace:\nE       RemoteError@chrome://remote/content/shared/RemoteError.sys.mjs:8:8\nE       WebDriverError@chrome://remote/content/shared/webdriver/Errors.sys.mjs:193:5\nE       MoveTargetOutOfBoundsError@chrome://remote/content/shared/webdriver/Errors.sys.mjs:479:5\nE       assertInViewPort@chrome://remote/content/shared/webdriver/Actions.sys.mjs:2338:11\nE       dispatch@chrome://remote/content/shared/webdriver/Actions.sys.mjs:1144:21\nE       dispatch/pendingEvents<@chrome://remote/content/shared/webdriver/Actions.sys.mjs:2010:14\nE       dispatch@chrome://remote/content/shared/webdriver/Actions.sys.mjs:2009:39\nE       dispatch/chainEvents<@chrome://remote/content/shared/webdriver/Actions.sys.mjs:1920:27\nE       dispatch@chrome://remote/content/shared/webdriver/Actions.sys.mjs:1922:7\nE       performActions@chrome://remote/content/marionette/actors/MarionetteCommandsChild.sys.mjs:508:23\nE       receiveMessage@chrome://remote/content/marionette/actors/MarionetteCommandsChild.sys.mjs:143:31\n\n/opt/hostedtoolcache/Python/3.11.9/x64/lib/python3.11/site-packages/selenium/webdriver/remote/errorhandler.py:229: MoveTargetOutOfBoundsException","flaky":false,"newFailed":false,"newBroken":false,"newPassed":false,"retriesCount":0,"retriesStatusChange":false,"beforeStages":[{"name":"shady_meadow_page","time":{"start":1717015546955,"stop":1717015549481,"duration":2526},"status":"passed","steps":[{"name":"Navigating to the environmental URL:https://automationintesting.online/","time":{"start":1717015548402,"stop":1717015549481,"duration":1079},"status":"passed","steps":[],"attachments":[],"parameters":[],"shouldDisplayMessage":false,"stepsCount":0,"attachmentsCount":0,"hasContent":false,"attachmentStep":false}],"attachments":[],"parameters":[],"shouldDisplayMessage":false,"stepsCount":1,"attachmentsCount":0,"hasContent":true,"attachmentStep":false},{"name":"custom_logger","time":{"start":1717015546955,"stop":1717015546955,"duration":0},"status":"passed","steps":[],"attachments":[],"parameters":[],"shouldDisplayMessage":false,"stepsCount":0,"attachmentsCount":0,"hasContent":false,"attachmentStep":false}],"testStage":{"description":"Check that the “Book this Room” button is visible at the Main page, after clicking this button it disappears from the page and cannot be clicked anymore.","status":"broken","statusMessage":"selenium.common.exceptions.MoveTargetOutOfBoundsException: Message: Move target (1159, 1175) is out of bounds of viewport dimensions (1366, 682)\nStacktrace:\nRemoteError@chrome://remote/content/shared/RemoteError.sys.mjs:8:8\nWebDriverError@chrome://remote/content/shared/webdriver/Errors.sys.mjs:193:5\nMoveTargetOutOfBoundsError@chrome://remote/content/shared/webdriver/Errors.sys.mjs:479:5\nassertInViewPort@chrome://remote/content/shared/webdriver/Actions.sys.mjs:2338:11\ndispatch@chrome://remote/content/shared/webdriver/Actions.sys.mjs:1144:21\ndispatch/pendingEvents<@chrome://remote/content/shared/webdriver/Actions.sys.mjs:2010:14\ndispatch@chrome://remote/content/shared/webdriver/Actions.sys.mjs:2009:39\ndispatch/chainEvents<@chrome://remote/content/shared/webdriver/Actions.sys.mjs:1920:27\ndispatch@chrome://remote/content/shared/webdriver/Actions.sys.mjs:1922:7\nperformActions@chrome://remote/content/marionette/actors/MarionetteCommandsChild.sys.mjs:508:23\nreceiveMessage@chrome://remote/content/marionette/actors/MarionetteCommandsChild.sys.mjs:143:31","statusTrace":"self = <test.test_shady_meadow_selenium.TestShadyMeadows object at 0x7f3a8f59b750>\nshady_meadow_page = <page_object.main_page.ShadyMeadowsPageObject object at 0x7f3a8f4752d0>\n\n    @title(\"'Book this room' button.\")\n    @description('Check that the “Book this Room” button is visible at the Main page, after clicking this button '\n                 'it disappears from the page and cannot be clicked anymore.')\n    @severity(allure.severity_level.CRITICAL)\n    @pytest.mark.booking_the_room\n    @pytest.mark.shady_meadow_ui\n    def test_book_this_room_button(self, shady_meadow_page: ShadyMeadowsPageObject):\n        book_button = shady_meadow_page.book_this_room_button_is_present()\n        assert book_button.is_displayed(), f\"Book_this_room button is not displayed\"\n        assert book_button.text == 'Book this room'\n>       shady_meadow_page.move_to_book_this_room_button()\n\ntest/test_shady_meadow_selenium.py:41: \n_ _ _ _ _ _ _ _ _ _ _ _ _ _ _ _ _ _ _ _ _ _ _ _ _ _ _ _ _ _ _ _ _ _ _ _ _ _ _ _ \npage_object/main_page.py:330: in move_to_book_this_room_button\n    self.__action.move_to_element(book_this_room_button).perform()\n/opt/hostedtoolcache/Python/3.11.9/x64/lib/python3.11/site-packages/selenium/webdriver/common/action_chains.py:94: in perform\n    self.w3c_actions.perform()\n/opt/hostedtoolcache/Python/3.11.9/x64/lib/python3.11/site-packages/selenium/webdriver/common/actions/action_builder.py:96: in perform\n    self.driver.execute(Command.W3C_ACTIONS, enc)\n/opt/hostedtoolcache/Python/3.11.9/x64/lib/python3.11/site-packages/selenium/webdriver/remote/webdriver.py:347: in execute\n    self.error_handler.check_response(response)\n_ _ _ _ _ _ _ _ _ _ _ _ _ _ _ _ _ _ _ _ _ _ _ _ _ _ _ _ _ _ _ _ _ _ _ _ _ _ _ _ \n\nself = <selenium.webdriver.remote.errorhandler.ErrorHandler object at 0x7f3a8f475f50>\nresponse = {'status': 500, 'value': '{\"value\":{\"error\":\"move target out of bounds\",\"message\":\"Move target (1159, 1175) is out of ...ys.mjs:508:23\\\\nreceiveMessage@chrome://remote/content/marionette/actors/MarionetteCommandsChild.sys.mjs:143:31\\\\n\"}}'}\n\n    def check_response(self, response: Dict[str, Any]) -> None:\n        \"\"\"Checks that a JSON response from the WebDriver does not have an\n        error.\n    \n        :Args:\n         - response - The JSON response from the WebDriver server as a dictionary\n           object.\n    \n        :Raises: If the response contains an error message.\n        \"\"\"\n        status = response.get(\"status\", None)\n        if not status or status == ErrorCode.SUCCESS:\n            return\n        value = None\n        message = response.get(\"message\", \"\")\n        screen: str = response.get(\"screen\", \"\")\n        stacktrace = None\n        if isinstance(status, int):\n            value_json = response.get(\"value\", None)\n            if value_json and isinstance(value_json, str):\n                import json\n    \n                try:\n                    value = json.loads(value_json)\n                    if len(value) == 1:\n                        value = value[\"value\"]\n                    status = value.get(\"error\", None)\n                    if not status:\n                        status = value.get(\"status\", ErrorCode.UNKNOWN_ERROR)\n                        message = value.get(\"value\") or value.get(\"message\")\n                        if not isinstance(message, str):\n                            value = message\n                            message = message.get(\"message\")\n                    else:\n                        message = value.get(\"message\", None)\n                except ValueError:\n                    pass\n    \n        exception_class: Type[WebDriverException]\n        e = ErrorCode()\n        error_codes = [item for item in dir(e) if not item.startswith(\"__\")]\n        for error_code in error_codes:\n            error_info = getattr(ErrorCode, error_code)\n            if isinstance(error_info, list) and status in error_info:\n                exception_class = getattr(ExceptionMapping, error_code, WebDriverException)\n                break\n        else:\n            exception_class = WebDriverException\n    \n        if not value:\n            value = response[\"value\"]\n        if isinstance(value, str):\n            raise exception_class(value)\n        if message == \"\" and \"message\" in value:\n            message = value[\"message\"]\n    \n        screen = None  # type: ignore[assignment]\n        if \"screen\" in value:\n            screen = value[\"screen\"]\n    \n        stacktrace = None\n        st_value = value.get(\"stackTrace\") or value.get(\"stacktrace\")\n        if st_value:\n            if isinstance(st_value, str):\n                stacktrace = st_value.split(\"\\n\")\n            else:\n                stacktrace = []\n                try:\n                    for frame in st_value:\n                        line = frame.get(\"lineNumber\", \"\")\n                        file = frame.get(\"fileName\", \"<anonymous>\")\n                        if line:\n                            file = f\"{file}:{line}\"\n                        meth = frame.get(\"methodName\", \"<anonymous>\")\n                        if \"className\" in frame:\n                            meth = f\"{frame['className']}.{meth}\"\n                        msg = \"    at %s (%s)\"\n                        msg = msg % (meth, file)\n                        stacktrace.append(msg)\n                except TypeError:\n                    pass\n        if exception_class == UnexpectedAlertPresentException:\n            alert_text = None\n            if \"data\" in value:\n                alert_text = value[\"data\"].get(\"text\")\n            elif \"alert\" in value:\n                alert_text = value[\"alert\"].get(\"text\")\n            raise exception_class(message, screen, stacktrace, alert_text)  # type: ignore[call-arg]  # mypy is not smart enough here\n>       raise exception_class(message, screen, stacktrace)\nE       selenium.common.exceptions.MoveTargetOutOfBoundsException: Message: Move target (1159, 1175) is out of bounds of viewport dimensions (1366, 682)\nE       Stacktrace:\nE       RemoteError@chrome://remote/content/shared/RemoteError.sys.mjs:8:8\nE       WebDriverError@chrome://remote/content/shared/webdriver/Errors.sys.mjs:193:5\nE       MoveTargetOutOfBoundsError@chrome://remote/content/shared/webdriver/Errors.sys.mjs:479:5\nE       assertInViewPort@chrome://remote/content/shared/webdriver/Actions.sys.mjs:2338:11\nE       dispatch@chrome://remote/content/shared/webdriver/Actions.sys.mjs:1144:21\nE       dispatch/pendingEvents<@chrome://remote/content/shared/webdriver/Actions.sys.mjs:2010:14\nE       dispatch@chrome://remote/content/shared/webdriver/Actions.sys.mjs:2009:39\nE       dispatch/chainEvents<@chrome://remote/content/shared/webdriver/Actions.sys.mjs:1920:27\nE       dispatch@chrome://remote/content/shared/webdriver/Actions.sys.mjs:1922:7\nE       performActions@chrome://remote/content/marionette/actors/MarionetteCommandsChild.sys.mjs:508:23\nE       receiveMessage@chrome://remote/content/marionette/actors/MarionetteCommandsChild.sys.mjs:143:31\n\n/opt/hostedtoolcache/Python/3.11.9/x64/lib/python3.11/site-packages/selenium/webdriver/remote/errorhandler.py:229: MoveTargetOutOfBoundsException","steps":[{"name":"'Book_this_room_button' is present on the page.","time":{"start":1717015549482,"stop":1717015549499,"duration":17},"status":"passed","steps":[],"attachments":[],"parameters":[],"shouldDisplayMessage":false,"stepsCount":0,"attachmentsCount":0,"hasContent":false,"attachmentStep":false},{"name":"Scroll to Book_this_room button in rooms block.","time":{"start":1717015549518,"stop":1717015549529,"duration":11},"status":"broken","statusMessage":"selenium.common.exceptions.MoveTargetOutOfBoundsException: Message: Move target (1159, 1175) is out of bounds of viewport dimensions (1366, 682)\nStacktrace:\nRemoteError@chrome://remote/content/shared/RemoteError.sys.mjs:8:8\nWebDriverError@chrome://remote/content/shared/webdriver/Errors.sys.mjs:193:5\nMoveTargetOutOfBoundsError@chrome://remote/content/shared/webdriver/Errors.sys.mjs:479:5\nassertInViewPort@chrome://remote/content/shared/webdriver/Actions.sys.mjs:2338:11\ndispatch@chrome://remote/content/shared/webdriver/Actions.sys.mjs:1144:21\ndispatch/pendingEvents<@chrome://remote/content/shared/webdriver/Actions.sys.mjs:2010:14\ndispatch@chrome://remote/content/shared/webdriver/Actions.sys.mjs:2009:39\ndispatch/chainEvents<@chrome://remote/content/shared/webdriver/Actions.sys.mjs:1920:27\ndispatch@chrome://remote/content/shared/webdriver/Actions.sys.mjs:1922:7\nperformActions@chrome://remote/content/marionette/actors/MarionetteCommandsChild.sys.mjs:508:23\nreceiveMessage@chrome://remote/content/marionette/actors/MarionetteCommandsChild.sys.mjs:143:31\n\n","statusTrace":"  File \"/opt/hostedtoolcache/Python/3.11.9/x64/lib/python3.11/site-packages/allure_commons/_allure.py\", line 192, in impl\n    return func(*a, **kw)\n           ^^^^^^^^^^^^^^\n  File \"/home/runner/work/ShadyMeadow_UI_dif_browsers/ShadyMeadow_UI_dif_browsers/page_object/main_page.py\", line 330, in move_to_book_this_room_button\n    self.__action.move_to_element(book_this_room_button).perform()\n  File \"/opt/hostedtoolcache/Python/3.11.9/x64/lib/python3.11/site-packages/selenium/webdriver/common/action_chains.py\", line 94, in perform\n    self.w3c_actions.perform()\n  File \"/opt/hostedtoolcache/Python/3.11.9/x64/lib/python3.11/site-packages/selenium/webdriver/common/actions/action_builder.py\", line 96, in perform\n    self.driver.execute(Command.W3C_ACTIONS, enc)\n  File \"/opt/hostedtoolcache/Python/3.11.9/x64/lib/python3.11/site-packages/selenium/webdriver/remote/webdriver.py\", line 347, in execute\n    self.error_handler.check_response(response)\n  File \"/opt/hostedtoolcache/Python/3.11.9/x64/lib/python3.11/site-packages/selenium/webdriver/remote/errorhandler.py\", line 229, in check_response\n    raise exception_class(message, screen, stacktrace)\n","steps":[{"name":"'Book_this_room_button' is present on the page.","time":{"start":1717015549518,"stop":1717015549522,"duration":4},"status":"passed","steps":[],"attachments":[],"parameters":[],"shouldDisplayMessage":false,"stepsCount":0,"attachmentsCount":0,"hasContent":false,"attachmentStep":false}],"attachments":[],"parameters":[],"shouldDisplayMessage":true,"stepsCount":1,"attachmentsCount":0,"hasContent":true,"attachmentStep":false}],"attachments":[{"uid":"442e7c4049fb0a3f","name":"screenshot","source":"442e7c4049fb0a3f.png","type":"image/png","size":195146},{"uid":"a3594b7443e2b76e","name":"log","source":"a3594b7443e2b76e.txt","type":"text/plain","size":731},{"uid":"5953c9145dc819e7","name":"stderr","source":"5953c9145dc819e7.txt","type":"text/plain","size":38552}],"parameters":[],"shouldDisplayMessage":true,"stepsCount":3,"attachmentsCount":3,"hasContent":true,"attachmentStep":false},"afterStages":[{"name":"shady_meadow_page::0","time":{"start":1717015549610,"stop":1717015550240,"duration":630},"status":"passed","steps":[],"attachments":[],"parameters":[],"shouldDisplayMessage":false,"stepsCount":0,"attachmentsCount":0,"hasContent":false,"attachmentStep":false},{"name":"custom_logger::0","time":{"start":1717015550241,"stop":1717015550241,"duration":0},"status":"passed","steps":[],"attachments":[{"uid":"a34183b60bace771","name":"Test Log file","source":"a34183b60bace771.txt","type":"text/plain","size":847}],"parameters":[],"shouldDisplayMessage":false,"stepsCount":0,"attachmentsCount":1,"hasContent":true,"attachmentStep":false}],"labels":[{"name":"severity","value":"critical"},{"name":"suite","value":"Shady Meadows B&B UI"},{"name":"tag","value":"shady_meadow_ui"},{"name":"tag","value":"booking_the_room"},{"name":"parentSuite","value":"test"},{"name":"subSuite","value":"TestShadyMeadows"},{"name":"host","value":"fv-az695-514"},{"name":"thread","value":"2203-MainThread"},{"name":"framework","value":"pytest"},{"name":"language","value":"cpython3"},{"name":"package","value":"test.test_shady_meadow_selenium"},{"name":"resultFormat","value":"allure2"}],"parameters":[{"name":"shady_meadow_page","value":"'headlessfirefox'"}],"links":[],"hidden":false,"retry":false,"extra":{"severity":"critical","retries":[],"categories":[{"name":"Test defects","matchedStatuses":[],"flaky":false}],"tags":["booking_the_room","shady_meadow_ui"]},"source":"23a9aa1fa0529eba.json","parameterValues":["'headlessfirefox'"]}